<?xml version="1.0" encoding="utf-8"?>
<TestRun id="0554c0b0-6db8-4efc-92b8-3c56a5497b31" name="@RF9MBP 2025-09-30 17:01:44" xmlns="http://microsoft.com/schemas/VisualStudio/TeamTest/2010">
  <Times creation="2025-09-30T17:01:44.1330920+03:00" queuing="2025-09-30T17:01:44.1330920+03:00" start="2025-09-30T17:01:43.5198310+03:00" finish="2025-09-30T17:01:44.1360760+03:00" />
  <TestSettings name="default" id="8a42e0f5-6e42-4104-b5a6-cb70a74ffb72">
    <Deployment runDeploymentRoot="_RF9MBP_2025-09-30_17_01_44" />
  </TestSettings>
  <Results>
    <UnitTestResult executionId="6c2a0639-9b54-4328-a48f-9b194f063ae4" testId="d0c86a2d-664b-5f7a-626b-9bbe8254b95d" testName="FavoriteRepositoryTests.GetByCustomerId_ReturnsOnlyThatCustomersFavorites" computerName="RF9MBP" duration="00:00:00.0152301" startTime="2025-09-30T17:01:44.0449920+03:00" endTime="2025-09-30T17:01:44.0600720+03:00" testType="13cdc9d9-ddb5-4fa4-a97d-d965ccfc6d4b" outcome="Passed" testListId="8c84fa94-04c1-424b-9868-57a2d4851a1d" relativeResultsDirectory="6c2a0639-9b54-4328-a48f-9b194f063ae4" />
    <UnitTestResult executionId="597c2ab9-bc47-447e-9c2a-f7e5b95f5879" testId="402f09ce-b61d-226c-c1d0-44b641c638ea" testName="CustomerRepositoryTests.Update_ShouldInsertCustomer_WhenValid" computerName="RF9MBP" duration="00:00:00.0127599" startTime="2025-09-30T17:01:44.0372020+03:00" endTime="2025-09-30T17:01:44.0448050+03:00" testType="13cdc9d9-ddb5-4fa4-a97d-d965ccfc6d4b" outcome="Passed" testListId="8c84fa94-04c1-424b-9868-57a2d4851a1d" relativeResultsDirectory="597c2ab9-bc47-447e-9c2a-f7e5b95f5879" />
    <UnitTestResult executionId="a5898d14-8a92-4abf-984d-6b08b27ef147" testId="5571f119-32aa-c0d1-80be-9cdecfa3da24" testName="FavoriteRepositoryTests.GetById_ReturnsFavorite" computerName="RF9MBP" duration="00:00:00.1456595" startTime="2025-09-30T17:01:43.8844940+03:00" endTime="2025-09-30T17:01:44.0367980+03:00" testType="13cdc9d9-ddb5-4fa4-a97d-d965ccfc6d4b" outcome="Passed" testListId="8c84fa94-04c1-424b-9868-57a2d4851a1d" relativeResultsDirectory="a5898d14-8a92-4abf-984d-6b08b27ef147" />
    <UnitTestResult executionId="50abe909-9f18-4eed-a8bf-011016b43f30" testId="f1edbd32-ef33-9924-aa52-0cb4a951736e" testName="ProductRepositoryTests.GetByName_ReturnsMatchingProducts" computerName="RF9MBP" duration="00:00:00.1435365" startTime="2025-09-30T17:01:43.8846180+03:00" endTime="2025-09-30T17:01:44.0308130+03:00" testType="13cdc9d9-ddb5-4fa4-a97d-d965ccfc6d4b" outcome="Passed" testListId="8c84fa94-04c1-424b-9868-57a2d4851a1d" relativeResultsDirectory="50abe909-9f18-4eed-a8bf-011016b43f30" />
    <UnitTestResult executionId="fdc55bfb-65d3-425d-8840-f5635b111a2d" testId="a4794b07-527f-5b8b-b299-f78ca0322d0c" testName="CustomerRepositoryTests.Create_ShouldInsertCustomer_WhenValid" computerName="RF9MBP" duration="00:00:00.1457048" startTime="2025-09-30T17:01:43.8836820+03:00" endTime="2025-09-30T17:01:44.0371290+03:00" testType="13cdc9d9-ddb5-4fa4-a97d-d965ccfc6d4b" outcome="Passed" testListId="8c84fa94-04c1-424b-9868-57a2d4851a1d" relativeResultsDirectory="fdc55bfb-65d3-425d-8840-f5635b111a2d" />
    <UnitTestResult executionId="a96c6919-a5cb-458e-afd9-86075c7b15e6" testId="b7861b9b-320f-1cb9-9494-63a63423b572" testName="FavoriteRepositoryTests.DeleteById_ReturnsDeleteedFavorite" computerName="RF9MBP" duration="00:00:00.0127984" startTime="2025-09-30T17:01:44.0370940+03:00" endTime="2025-09-30T17:01:44.0448470+03:00" testType="13cdc9d9-ddb5-4fa4-a97d-d965ccfc6d4b" outcome="Passed" testListId="8c84fa94-04c1-424b-9868-57a2d4851a1d" relativeResultsDirectory="a96c6919-a5cb-458e-afd9-86075c7b15e6" />
  </Results>
  <TestDefinitions>
    <UnitTest name="CustomerRepositoryTests.Create_ShouldInsertCustomer_WhenValid" storage="/users/rf9/swd/tests/dataaccess.tests/bin/debug/net9.0/dataaccess.tests.dll" id="a4794b07-527f-5b8b-b299-f78ca0322d0c">
      <Execution id="fdc55bfb-65d3-425d-8840-f5635b111a2d" />
      <TestMethod codeBase="/Users/rf9/swd/tests/DataAccess.Tests/bin/Debug/net9.0/DataAccess.Tests.dll" adapterTypeName="executor://xunit/VsTestRunner3/netcore/" className="CustomerRepositoryTests" name="Create_ShouldInsertCustomer_WhenValid" />
    </UnitTest>
    <UnitTest name="FavoriteRepositoryTests.DeleteById_ReturnsDeleteedFavorite" storage="/users/rf9/swd/tests/dataaccess.tests/bin/debug/net9.0/dataaccess.tests.dll" id="b7861b9b-320f-1cb9-9494-63a63423b572">
      <Execution id="a96c6919-a5cb-458e-afd9-86075c7b15e6" />
      <TestMethod codeBase="/Users/rf9/swd/tests/DataAccess.Tests/bin/Debug/net9.0/DataAccess.Tests.dll" adapterTypeName="executor://xunit/VsTestRunner3/netcore/" className="FavoriteRepositoryTests" name="DeleteById_ReturnsDeleteedFavorite" />
    </UnitTest>
    <UnitTest name="CustomerRepositoryTests.Update_ShouldInsertCustomer_WhenValid" storage="/users/rf9/swd/tests/dataaccess.tests/bin/debug/net9.0/dataaccess.tests.dll" id="402f09ce-b61d-226c-c1d0-44b641c638ea">
      <Execution id="597c2ab9-bc47-447e-9c2a-f7e5b95f5879" />
      <TestMethod codeBase="/Users/rf9/swd/tests/DataAccess.Tests/bin/Debug/net9.0/DataAccess.Tests.dll" adapterTypeName="executor://xunit/VsTestRunner3/netcore/" className="CustomerRepositoryTests" name="Update_ShouldInsertCustomer_WhenValid" />
    </UnitTest>
    <UnitTest name="FavoriteRepositoryTests.GetByCustomerId_ReturnsOnlyThatCustomersFavorites" storage="/users/rf9/swd/tests/dataaccess.tests/bin/debug/net9.0/dataaccess.tests.dll" id="d0c86a2d-664b-5f7a-626b-9bbe8254b95d">
      <Execution id="6c2a0639-9b54-4328-a48f-9b194f063ae4" />
      <TestMethod codeBase="/Users/rf9/swd/tests/DataAccess.Tests/bin/Debug/net9.0/DataAccess.Tests.dll" adapterTypeName="executor://xunit/VsTestRunner3/netcore/" className="FavoriteRepositoryTests" name="GetByCustomerId_ReturnsOnlyThatCustomersFavorites" />
    </UnitTest>
    <UnitTest name="FavoriteRepositoryTests.GetById_ReturnsFavorite" storage="/users/rf9/swd/tests/dataaccess.tests/bin/debug/net9.0/dataaccess.tests.dll" id="5571f119-32aa-c0d1-80be-9cdecfa3da24">
      <Execution id="a5898d14-8a92-4abf-984d-6b08b27ef147" />
      <TestMethod codeBase="/Users/rf9/swd/tests/DataAccess.Tests/bin/Debug/net9.0/DataAccess.Tests.dll" adapterTypeName="executor://xunit/VsTestRunner3/netcore/" className="FavoriteRepositoryTests" name="GetById_ReturnsFavorite" />
    </UnitTest>
    <UnitTest name="ProductRepositoryTests.GetByName_ReturnsMatchingProducts" storage="/users/rf9/swd/tests/dataaccess.tests/bin/debug/net9.0/dataaccess.tests.dll" id="f1edbd32-ef33-9924-aa52-0cb4a951736e">
      <Execution id="50abe909-9f18-4eed-a8bf-011016b43f30" />
      <TestMethod codeBase="/Users/rf9/swd/tests/DataAccess.Tests/bin/Debug/net9.0/DataAccess.Tests.dll" adapterTypeName="executor://xunit/VsTestRunner3/netcore/" className="ProductRepositoryTests" name="GetByName_ReturnsMatchingProducts" />
    </UnitTest>
  </TestDefinitions>
  <TestEntries>
    <TestEntry testId="d0c86a2d-664b-5f7a-626b-9bbe8254b95d" executionId="6c2a0639-9b54-4328-a48f-9b194f063ae4" testListId="8c84fa94-04c1-424b-9868-57a2d4851a1d" />
    <TestEntry testId="402f09ce-b61d-226c-c1d0-44b641c638ea" executionId="597c2ab9-bc47-447e-9c2a-f7e5b95f5879" testListId="8c84fa94-04c1-424b-9868-57a2d4851a1d" />
    <TestEntry testId="5571f119-32aa-c0d1-80be-9cdecfa3da24" executionId="a5898d14-8a92-4abf-984d-6b08b27ef147" testListId="8c84fa94-04c1-424b-9868-57a2d4851a1d" />
    <TestEntry testId="f1edbd32-ef33-9924-aa52-0cb4a951736e" executionId="50abe909-9f18-4eed-a8bf-011016b43f30" testListId="8c84fa94-04c1-424b-9868-57a2d4851a1d" />
    <TestEntry testId="a4794b07-527f-5b8b-b299-f78ca0322d0c" executionId="fdc55bfb-65d3-425d-8840-f5635b111a2d" testListId="8c84fa94-04c1-424b-9868-57a2d4851a1d" />
    <TestEntry testId="b7861b9b-320f-1cb9-9494-63a63423b572" executionId="a96c6919-a5cb-458e-afd9-86075c7b15e6" testListId="8c84fa94-04c1-424b-9868-57a2d4851a1d" />
  </TestEntries>
  <TestLists>
    <TestList name="Список результатов" id="8c84fa94-04c1-424b-9868-57a2d4851a1d" />
    <TestList name="Все загруженные результаты" id="19431567-8539-422a-85d7-44ee4e166bda" />
  </TestLists>
  <ResultSummary outcome="Completed">
    <Counters total="6" executed="6" passed="6" failed="0" error="0" timeout="0" aborted="0" inconclusive="0" passedButRunAborted="0" notRunnable="0" notExecuted="0" disconnected="0" warning="0" completed="0" inProgress="0" pending="0" />
    <Output>
      <StdOut>[xUnit.net 00:00:00.00] xUnit.net VSTest Adapter v3.1.4+50e68bbb8b (64-bit .NET 9.0.4)
[xUnit.net 00:00:00.04]   Discovering: DataAccess.Tests
[xUnit.net 00:00:00.06]   Discovered:  DataAccess.Tests
[xUnit.net 00:00:00.08]   Starting:    DataAccess.Tests
[xUnit.net 00:00:00.27]   Finished:    DataAccess.Tests
</StdOut>
    </Output>
  </ResultSummary>
</TestRun>