<?xml version="1.0" encoding="utf-8"?>
<TestRun id="25c8017a-8ae0-4679-8b25-e7803758e479" name="@RF9MBP 2025-09-30 17:03:56" xmlns="http://microsoft.com/schemas/VisualStudio/TeamTest/2010">
  <Times creation="2025-09-30T17:03:56.9505170+03:00" queuing="2025-09-30T17:03:56.9505170+03:00" start="2025-09-30T17:03:56.3420170+03:00" finish="2025-09-30T17:03:56.9534570+03:00" />
  <TestSettings name="default" id="ab2495a1-77c9-4fa5-9045-b4381fa2d912">
    <Deployment runDeploymentRoot="_RF9MBP_2025-09-30_17_03_56" />
  </TestSettings>
  <Results>
    <UnitTestResult executionId="36c847d0-cdec-41b3-a2f9-2910d401e9c1" testId="a4794b07-527f-5b8b-b299-f78ca0322d0c" testName="CustomerRepositoryTests.Create_ShouldInsertCustomer_WhenValid" computerName="RF9MBP" duration="00:00:00.1425636" startTime="2025-09-30T17:03:56.7113410+03:00" endTime="2025-09-30T17:03:56.8598620+03:00" testType="13cdc9d9-ddb5-4fa4-a97d-d965ccfc6d4b" outcome="Passed" testListId="8c84fa94-04c1-424b-9868-57a2d4851a1d" relativeResultsDirectory="36c847d0-cdec-41b3-a2f9-2910d401e9c1" />
    <UnitTestResult executionId="4abe096e-1525-43dd-b7b6-d56df5faf277" testId="402f09ce-b61d-226c-c1d0-44b641c638ea" testName="CustomerRepositoryTests.Update_ShouldInsertCustomer_WhenValid" computerName="RF9MBP" duration="00:00:00.0106862" startTime="2025-09-30T17:03:56.8603100+03:00" endTime="2025-09-30T17:03:56.8658200+03:00" testType="13cdc9d9-ddb5-4fa4-a97d-d965ccfc6d4b" outcome="Passed" testListId="8c84fa94-04c1-424b-9868-57a2d4851a1d" relativeResultsDirectory="4abe096e-1525-43dd-b7b6-d56df5faf277" />
    <UnitTestResult executionId="df8ca05d-6083-46e0-aeb5-d05392d12f52" testId="5571f119-32aa-c0d1-80be-9cdecfa3da24" testName="FavoriteRepositoryTests.GetById_ReturnsFavorite" computerName="RF9MBP" duration="00:00:00.1425568" startTime="2025-09-30T17:03:56.7112200+03:00" endTime="2025-09-30T17:03:56.8601120+03:00" testType="13cdc9d9-ddb5-4fa4-a97d-d965ccfc6d4b" outcome="Passed" testListId="8c84fa94-04c1-424b-9868-57a2d4851a1d" relativeResultsDirectory="df8ca05d-6083-46e0-aeb5-d05392d12f52" />
    <UnitTestResult executionId="298737d2-dd52-467f-8753-98e86d9b0493" testId="d0c86a2d-664b-5f7a-626b-9bbe8254b95d" testName="FavoriteRepositoryTests.GetByCustomerId_ReturnsOnlyThatCustomersFavorites" computerName="RF9MBP" duration="00:00:00.0104551" startTime="2025-09-30T17:03:56.8659410+03:00" endTime="2025-09-30T17:03:56.8762470+03:00" testType="13cdc9d9-ddb5-4fa4-a97d-d965ccfc6d4b" outcome="Passed" testListId="8c84fa94-04c1-424b-9868-57a2d4851a1d" relativeResultsDirectory="298737d2-dd52-467f-8753-98e86d9b0493" />
    <UnitTestResult executionId="796e7616-47ef-4351-8d0a-7bce932e7dda" testId="b7861b9b-320f-1cb9-9494-63a63423b572" testName="FavoriteRepositoryTests.DeleteById_ReturnsDeleteedFavorite" computerName="RF9MBP" duration="00:00:00.0106813" startTime="2025-09-30T17:03:56.8603240+03:00" endTime="2025-09-30T17:03:56.8657630+03:00" testType="13cdc9d9-ddb5-4fa4-a97d-d965ccfc6d4b" outcome="Passed" testListId="8c84fa94-04c1-424b-9868-57a2d4851a1d" relativeResultsDirectory="796e7616-47ef-4351-8d0a-7bce932e7dda" />
    <UnitTestResult executionId="c4bb12ce-2698-4c94-b4df-2971442b0e96" testId="f1edbd32-ef33-9924-aa52-0cb4a951736e" testName="ProductRepositoryTests.GetByName_ReturnsMatchingProducts" computerName="RF9MBP" duration="00:00:00.1402187" startTime="2025-09-30T17:03:56.7101170+03:00" endTime="2025-09-30T17:03:56.8537650+03:00" testType="13cdc9d9-ddb5-4fa4-a97d-d965ccfc6d4b" outcome="Passed" testListId="8c84fa94-04c1-424b-9868-57a2d4851a1d" relativeResultsDirectory="c4bb12ce-2698-4c94-b4df-2971442b0e96" />
  </Results>
  <TestDefinitions>
    <UnitTest name="CustomerRepositoryTests.Create_ShouldInsertCustomer_WhenValid" storage="/users/rf9/swd/tests/dataaccess.tests/bin/debug/net9.0/dataaccess.tests.dll" id="a4794b07-527f-5b8b-b299-f78ca0322d0c">
      <Execution id="36c847d0-cdec-41b3-a2f9-2910d401e9c1" />
      <TestMethod codeBase="/Users/rf9/swd/tests/DataAccess.Tests/bin/Debug/net9.0/DataAccess.Tests.dll" adapterTypeName="executor://xunit/VsTestRunner3/netcore/" className="CustomerRepositoryTests" name="Create_ShouldInsertCustomer_WhenValid" />
    </UnitTest>
    <UnitTest name="FavoriteRepositoryTests.DeleteById_ReturnsDeleteedFavorite" storage="/users/rf9/swd/tests/dataaccess.tests/bin/debug/net9.0/dataaccess.tests.dll" id="b7861b9b-320f-1cb9-9494-63a63423b572">
      <Execution id="796e7616-47ef-4351-8d0a-7bce932e7dda" />
      <TestMethod codeBase="/Users/rf9/swd/tests/DataAccess.Tests/bin/Debug/net9.0/DataAccess.Tests.dll" adapterTypeName="executor://xunit/VsTestRunner3/netcore/" className="FavoriteRepositoryTests" name="DeleteById_ReturnsDeleteedFavorite" />
    </UnitTest>
    <UnitTest name="CustomerRepositoryTests.Update_ShouldInsertCustomer_WhenValid" storage="/users/rf9/swd/tests/dataaccess.tests/bin/debug/net9.0/dataaccess.tests.dll" id="402f09ce-b61d-226c-c1d0-44b641c638ea">
      <Execution id="4abe096e-1525-43dd-b7b6-d56df5faf277" />
      <TestMethod codeBase="/Users/rf9/swd/tests/DataAccess.Tests/bin/Debug/net9.0/DataAccess.Tests.dll" adapterTypeName="executor://xunit/VsTestRunner3/netcore/" className="CustomerRepositoryTests" name="Update_ShouldInsertCustomer_WhenValid" />
    </UnitTest>
    <UnitTest name="FavoriteRepositoryTests.GetByCustomerId_ReturnsOnlyThatCustomersFavorites" storage="/users/rf9/swd/tests/dataaccess.tests/bin/debug/net9.0/dataaccess.tests.dll" id="d0c86a2d-664b-5f7a-626b-9bbe8254b95d">
      <Execution id="298737d2-dd52-467f-8753-98e86d9b0493" />
      <TestMethod codeBase="/Users/rf9/swd/tests/DataAccess.Tests/bin/Debug/net9.0/DataAccess.Tests.dll" adapterTypeName="executor://xunit/VsTestRunner3/netcore/" className="FavoriteRepositoryTests" name="GetByCustomerId_ReturnsOnlyThatCustomersFavorites" />
    </UnitTest>
    <UnitTest name="FavoriteRepositoryTests.GetById_ReturnsFavorite" storage="/users/rf9/swd/tests/dataaccess.tests/bin/debug/net9.0/dataaccess.tests.dll" id="5571f119-32aa-c0d1-80be-9cdecfa3da24">
      <Execution id="df8ca05d-6083-46e0-aeb5-d05392d12f52" />
      <TestMethod codeBase="/Users/rf9/swd/tests/DataAccess.Tests/bin/Debug/net9.0/DataAccess.Tests.dll" adapterTypeName="executor://xunit/VsTestRunner3/netcore/" className="FavoriteRepositoryTests" name="GetById_ReturnsFavorite" />
    </UnitTest>
    <UnitTest name="ProductRepositoryTests.GetByName_ReturnsMatchingProducts" storage="/users/rf9/swd/tests/dataaccess.tests/bin/debug/net9.0/dataaccess.tests.dll" id="f1edbd32-ef33-9924-aa52-0cb4a951736e">
      <Execution id="c4bb12ce-2698-4c94-b4df-2971442b0e96" />
      <TestMethod codeBase="/Users/rf9/swd/tests/DataAccess.Tests/bin/Debug/net9.0/DataAccess.Tests.dll" adapterTypeName="executor://xunit/VsTestRunner3/netcore/" className="ProductRepositoryTests" name="GetByName_ReturnsMatchingProducts" />
    </UnitTest>
  </TestDefinitions>
  <TestEntries>
    <TestEntry testId="a4794b07-527f-5b8b-b299-f78ca0322d0c" executionId="36c847d0-cdec-41b3-a2f9-2910d401e9c1" testListId="8c84fa94-04c1-424b-9868-57a2d4851a1d" />
    <TestEntry testId="402f09ce-b61d-226c-c1d0-44b641c638ea" executionId="4abe096e-1525-43dd-b7b6-d56df5faf277" testListId="8c84fa94-04c1-424b-9868-57a2d4851a1d" />
    <TestEntry testId="5571f119-32aa-c0d1-80be-9cdecfa3da24" executionId="df8ca05d-6083-46e0-aeb5-d05392d12f52" testListId="8c84fa94-04c1-424b-9868-57a2d4851a1d" />
    <TestEntry testId="d0c86a2d-664b-5f7a-626b-9bbe8254b95d" executionId="298737d2-dd52-467f-8753-98e86d9b0493" testListId="8c84fa94-04c1-424b-9868-57a2d4851a1d" />
    <TestEntry testId="b7861b9b-320f-1cb9-9494-63a63423b572" executionId="796e7616-47ef-4351-8d0a-7bce932e7dda" testListId="8c84fa94-04c1-424b-9868-57a2d4851a1d" />
    <TestEntry testId="f1edbd32-ef33-9924-aa52-0cb4a951736e" executionId="c4bb12ce-2698-4c94-b4df-2971442b0e96" testListId="8c84fa94-04c1-424b-9868-57a2d4851a1d" />
  </TestEntries>
  <TestLists>
    <TestList name="Список результатов" id="8c84fa94-04c1-424b-9868-57a2d4851a1d" />
    <TestList name="Все загруженные результаты" id="19431567-8539-422a-85d7-44ee4e166bda" />
  </TestLists>
  <ResultSummary outcome="Completed">
    <Counters total="6" executed="6" passed="6" failed="0" error="0" timeout="0" aborted="0" inconclusive="0" passedButRunAborted="0" notRunnable="0" notExecuted="0" disconnected="0" warning="0" completed="0" inProgress="0" pending="0" />
    <Output>
      <StdOut>[xUnit.net 00:00:00.00] xUnit.net VSTest Adapter v3.1.4+50e68bbb8b (64-bit .NET 9.0.4)
[xUnit.net 00:00:00.04]   Discovering: DataAccess.Tests
[xUnit.net 00:00:00.07]   Discovered:  DataAccess.Tests
[xUnit.net 00:00:00.08]   Starting:    DataAccess.Tests
[xUnit.net 00:00:00.26]   Finished:    DataAccess.Tests
</StdOut>
    </Output>
  </ResultSummary>
</TestRun>